Start testing: Aug 22 10:26 EDT
----------------------------------------------------------
1/6 Testing: pz_tests_le_lew
1/6 Test: pz_tests_le_lew
Command: "/home/kaatlev/Documents/PZMapMaker/build/pz_tests_le_lew"
Directory: /home/kaatlev/Documents/PZMapMaker/build
"pz_tests_le_lew" start time: Aug 22 10:26 EDT
Output:
----------------------------------------------------------
PASS  318 checks, 0 failures
<end of output>
Test time =   0.00 sec
----------------------------------------------------------
Test Passed.
"pz_tests_le_lew" end time: Aug 22 10:26 EDT
"pz_tests_le_lew" time elapsed: 00:00:00
----------------------------------------------------------

2/6 Testing: pz_tests_lotheader
2/6 Test: pz_tests_lotheader
Command: "/home/kaatlev/Documents/PZMapMaker/build/pz_tests_lotheader"
Directory: /home/kaatlev/Documents/PZMapMaker/build
"pz_tests_lotheader" start time: Aug 22 10:26 EDT
Output:
----------------------------------------------------------
PASS  55 checks, 0 failures
<end of output>
Test time =   0.00 sec
----------------------------------------------------------
Test Passed.
"pz_tests_lotheader" end time: Aug 22 10:26 EDT
"pz_tests_lotheader" time elapsed: 00:00:00
----------------------------------------------------------

3/6 Testing: pz_tests_lotpack
3/6 Test: pz_tests_lotpack
Command: "/home/kaatlev/Documents/PZMapMaker/build/pz_tests_lotpack"
Directory: /home/kaatlev/Documents/PZMapMaker/build
"pz_tests_lotpack" start time: Aug 22 10:26 EDT
Output:
----------------------------------------------------------
PASS  396 checks, 0 failures
<end of output>
Test time =   0.00 sec
----------------------------------------------------------
Test Passed.
"pz_tests_lotpack" end time: Aug 22 10:26 EDT
"pz_tests_lotpack" time elapsed: 00:00:00
----------------------------------------------------------

4/6 Testing: pz_tests_tiles
4/6 Test: pz_tests_tiles
Command: "/home/kaatlev/Documents/PZMapMaker/build/pz_tests_tiles"
Directory: /home/kaatlev/Documents/PZMapMaker/build
"pz_tests_tiles" start time: Aug 22 10:26 EDT
Output:
----------------------------------------------------------
PASS  48 checks, 0 failures
<end of output>
Test time =   0.00 sec
----------------------------------------------------------
Test Passed.
"pz_tests_tiles" end time: Aug 22 10:26 EDT
"pz_tests_tiles" time elapsed: 00:00:00
----------------------------------------------------------

5/6 Testing: pz_tests_packfile
5/6 Test: pz_tests_packfile
Command: "/home/kaatlev/Documents/PZMapMaker/build/pz_tests_packfile"
Directory: /home/kaatlev/Documents/PZMapMaker/build
"pz_tests_packfile" start time: Aug 22 10:26 EDT
Output:
----------------------------------------------------------
PASS  25 checks, 0 failures
<end of output>
Test time =   0.00 sec
----------------------------------------------------------
Test Passed.
"pz_tests_packfile" end time: Aug 22 10:26 EDT
"pz_tests_packfile" time elapsed: 00:00:00
----------------------------------------------------------

6/6 Testing: pz_tests_celldata
6/6 Test: pz_tests_celldata
Command: "/home/kaatlev/Documents/PZMapMaker/build/pz_tests_celldata"
Directory: /home/kaatlev/Documents/PZMapMaker/build
"pz_tests_celldata" start time: Aug 22 10:26 EDT
Output:
----------------------------------------------------------
PASS  45 checks, 0 failures
<end of output>
Test time =   0.00 sec
----------------------------------------------------------
Test Passed.
"pz_tests_celldata" end time: Aug 22 10:26 EDT
"pz_tests_celldata" time elapsed: 00:00:00
----------------------------------------------------------

End testing: Aug 22 10:26 EDT
